2025-07-23 15:32:50 [ERROR]: Contact with ID l4y1d2ztsqbcvrjh4u2oytzt not found after update. 
2025-08-22 00:38:21 [ERROR]: Error creating campaign: %o 
2025-08-22 00:39:22 [ERROR]: Error creating campaign: %o 
2025-08-22 00:40:46 [ERROR]: Error creating campaign: %o 
2025-08-22 00:41:39 [ERROR]: [object Object] 
2025-08-22 00:42:49 [ERROR]: An unexpected error occurred during campaign creation {"error":{"name":"TypeError","message":"db.insert(...).values(...).returning is not a function","stack":"TypeError: db.insert(...).values(...).returning is not a function\n    at createCampaign (C:\\Users\\USER\\Desktop\\NextJs\\.next\\server\\chunks\\[root-of-the-server]__3c520e5b._.js:393:217)\n    at createCampaignAndSendMessages (C:\\Users\\USER\\Desktop\\NextJs\\.next\\server\\chunks\\[root-of-the-server]__3c520e5b._.js:688:188)\n    at createCampaign (C:\\Users\\USER\\Desktop\\NextJs\\.next\\server\\chunks\\[root-of-the-server]__3c520e5b._.js:761:209)\n    at process.processTicksAndRejections (node:internal/process/task_queues:105:5)\n    at async POST (C:\\Users\\USER\\Desktop\\NextJs\\.next\\server\\chunks\\[root-of-the-server]__3c520e5b._.js:813:12)\n    at async AppRouteRouteModule.do (C:\\Users\\USER\\Desktop\\NextJs\\node_modules\\next\\dist\\compiled\\next-server\\app-route-turbo.runtime.dev.js:26:34112)\n    at async AppRouteRouteModule.handle (C:\\Users\\USER\\Desktop\\NextJs\\node_modules\\next\\dist\\compiled\\next-server\\app-route-turbo.runtime.dev.js:26:41338)\n    at async doRender (C:\\Users\\USER\\Desktop\\NextJs\\node_modules\\next\\dist\\server\\base-server.js:1518:42)\n    at async DevServer.renderToResponseWithComponentsImpl (C:\\Users\\USER\\Desktop\\NextJs\\node_modules\\next\\dist\\server\\base-server.js:1920:28)\n    at async DevServer.renderPageComponent (C:\\Users\\USER\\Desktop\\NextJs\\node_modules\\next\\dist\\server\\base-server.js:2408:24)\n    at async DevServer.renderToResponseImpl (C:\\Users\\USER\\Desktop\\NextJs\\node_modules\\next\\dist\\server\\base-server.js:2445:32)\n    at async DevServer.pipeImpl (C:\\Users\\USER\\Desktop\\NextJs\\node_modules\\next\\dist\\server\\base-server.js:1008:25)\n    at async NextNodeServer.handleCatchallRenderRequest (C:\\Users\\USER\\Desktop\\NextJs\\node_modules\\next\\dist\\server\\next-server.js:305:17)\n    at async DevServer.handleRequestImpl (C:\\Users\\USER\\Desktop\\NextJs\\node_modules\\next\\dist\\server\\base-server.js:900:17)\n    at async C:\\Users\\USER\\Desktop\\NextJs\\node_modules\\next\\dist\\server\\dev\\next-dev-server.js:371:20\n    at async Span.traceAsyncFn (C:\\Users\\USER\\Desktop\\NextJs\\node_modules\\next\\dist\\trace\\trace.js:157:20)\n    at async DevServer.handleRequest (C:\\Users\\USER\\Desktop\\NextJs\\node_modules\\next\\dist\\server\\dev\\next-dev-server.js:368:24)\n    at async invokeRender (C:\\Users\\USER\\Desktop\\NextJs\\node_modules\\next\\dist\\server\\lib\\router-server.js:237:21)\n    at async handleRequest (C:\\Users\\USER\\Desktop\\NextJs\\node_modules\\next\\dist\\server\\lib\\router-server.js:428:24)\n    at async requestHandlerImpl (C:\\Users\\USER\\Desktop\\NextJs\\node_modules\\next\\dist\\server\\lib\\router-server.js:452:13)\n    at async Server.requestListener (C:\\Users\\USER\\Desktop\\NextJs\\node_modules\\next\\dist\\server\\lib\\start-server.js:158:13)"},"requestBody":{"name":"Test","templateId":"5","contactIds":["mjoiumh6sgf5ap23jjknpaf5","dgq4kfkon1iwymse6yem0dig","bokqzuy9vsmrcna2gvwu6lrs","nlxfbymjnb7i70zkrsey951m"]}}
2025-08-22 00:55:57 [ERROR]: An unexpected error occurred during campaign creation {"error":{"name":"TypeError","message":"Cannot read properties of undefined (reading 'id')","stack":"TypeError: Cannot read properties of undefined (reading 'id')\n    at createCampaignAndSendMessages (C:\\Users\\USER\\Desktop\\NextJs\\.next\\server\\chunks\\[root-of-the-server]__3c520e5b._.js:725:38)\n    at process.processTicksAndRejections (node:internal/process/task_queues:105:5)\n    at async createCampaign (C:\\Users\\USER\\Desktop\\NextJs\\.next\\server\\chunks\\[root-of-the-server]__3c520e5b._.js:766:26)\n    at async POST (C:\\Users\\USER\\Desktop\\NextJs\\.next\\server\\chunks\\[root-of-the-server]__3c520e5b._.js:818:12)\n    at async AppRouteRouteModule.do (C:\\Users\\USER\\Desktop\\NextJs\\node_modules\\next\\dist\\compiled\\next-server\\app-route-turbo.runtime.dev.js:26:34112)\n    at async AppRouteRouteModule.handle (C:\\Users\\USER\\Desktop\\NextJs\\node_modules\\next\\dist\\compiled\\next-server\\app-route-turbo.runtime.dev.js:26:41338)\n    at async doRender (C:\\Users\\USER\\Desktop\\NextJs\\node_modules\\next\\dist\\server\\base-server.js:1518:42)\n    at async DevServer.renderToResponseWithComponentsImpl (C:\\Users\\USER\\Desktop\\NextJs\\node_modules\\next\\dist\\server\\base-server.js:1920:28)\n    at async DevServer.renderPageComponent (C:\\Users\\USER\\Desktop\\NextJs\\node_modules\\next\\dist\\server\\base-server.js:2408:24)\n    at async DevServer.renderToResponseImpl (C:\\Users\\USER\\Desktop\\NextJs\\node_modules\\next\\dist\\server\\base-server.js:2445:32)\n    at async DevServer.pipeImpl (C:\\Users\\USER\\Desktop\\NextJs\\node_modules\\next\\dist\\server\\base-server.js:1008:25)\n    at async NextNodeServer.handleCatchallRenderRequest (C:\\Users\\USER\\Desktop\\NextJs\\node_modules\\next\\dist\\server\\next-server.js:305:17)\n    at async DevServer.handleRequestImpl (C:\\Users\\USER\\Desktop\\NextJs\\node_modules\\next\\dist\\server\\base-server.js:900:17)\n    at async C:\\Users\\USER\\Desktop\\NextJs\\node_modules\\next\\dist\\server\\dev\\next-dev-server.js:371:20\n    at async Span.traceAsyncFn (C:\\Users\\USER\\Desktop\\NextJs\\node_modules\\next\\dist\\trace\\trace.js:157:20)\n    at async DevServer.handleRequest (C:\\Users\\USER\\Desktop\\NextJs\\node_modules\\next\\dist\\server\\dev\\next-dev-server.js:368:24)\n    at async invokeRender (C:\\Users\\USER\\Desktop\\NextJs\\node_modules\\next\\dist\\server\\lib\\router-server.js:237:21)\n    at async handleRequest (C:\\Users\\USER\\Desktop\\NextJs\\node_modules\\next\\dist\\server\\lib\\router-server.js:428:24)\n    at async requestHandlerImpl (C:\\Users\\USER\\Desktop\\NextJs\\node_modules\\next\\dist\\server\\lib\\router-server.js:452:13)\n    at async Server.requestListener (C:\\Users\\USER\\Desktop\\NextJs\\node_modules\\next\\dist\\server\\lib\\start-server.js:158:13)"},"requestBody":{"name":"Test 02","templateId":"5","contactIds":["nlxfbymjnb7i70zkrsey951m","bokqzuy9vsmrcna2gvwu6lrs","dgq4kfkon1iwymse6yem0dig","sn8lyy4nn8oovk5dahezdo24","mjoiumh6sgf5ap23jjknpaf5"]}}
2025-08-22 01:37:38 [ERROR]: An unexpected error occurred during campaign creation {"error":{"name":"Error","message":"Failed to find newly created message with id 0","stack":"Error: Failed to find newly created message with id 0\n    at createMessage (C:\\Users\\USER\\Desktop\\NextJs\\.next\\server\\chunks\\[root-of-the-server]__3c520e5b._.js:409:15)\n    at process.processTicksAndRejections (node:internal/process/task_queues:105:5)\n    at async createCampaignAndSendMessages (C:\\Users\\USER\\Desktop\\NextJs\\.next\\server\\chunks\\[root-of-the-server]__3c520e5b._.js:748:13)\n    at async createCampaign (C:\\Users\\USER\\Desktop\\NextJs\\.next\\server\\chunks\\[root-of-the-server]__3c520e5b._.js:791:26)\n    at async POST (C:\\Users\\USER\\Desktop\\NextJs\\.next\\server\\chunks\\[root-of-the-server]__3c520e5b._.js:843:12)\n    at async AppRouteRouteModule.do (C:\\Users\\USER\\Desktop\\NextJs\\node_modules\\next\\dist\\compiled\\next-server\\app-route-turbo.runtime.dev.js:26:34112)\n    at async AppRouteRouteModule.handle (C:\\Users\\USER\\Desktop\\NextJs\\node_modules\\next\\dist\\compiled\\next-server\\app-route-turbo.runtime.dev.js:26:41338)\n    at async doRender (C:\\Users\\USER\\Desktop\\NextJs\\node_modules\\next\\dist\\server\\base-server.js:1518:42)\n    at async DevServer.renderToResponseWithComponentsImpl (C:\\Users\\USER\\Desktop\\NextJs\\node_modules\\next\\dist\\server\\base-server.js:1920:28)\n    at async DevServer.renderPageComponent (C:\\Users\\USER\\Desktop\\NextJs\\node_modules\\next\\dist\\server\\base-server.js:2408:24)\n    at async DevServer.renderToResponseImpl (C:\\Users\\USER\\Desktop\\NextJs\\node_modules\\next\\dist\\server\\base-server.js:2445:32)\n    at async DevServer.pipeImpl (C:\\Users\\USER\\Desktop\\NextJs\\node_modules\\next\\dist\\server\\base-server.js:1008:25)\n    at async NextNodeServer.handleCatchallRenderRequest (C:\\Users\\USER\\Desktop\\NextJs\\node_modules\\next\\dist\\server\\next-server.js:305:17)\n    at async DevServer.handleRequestImpl (C:\\Users\\USER\\Desktop\\NextJs\\node_modules\\next\\dist\\server\\base-server.js:900:17)\n    at async C:\\Users\\USER\\Desktop\\NextJs\\node_modules\\next\\dist\\server\\dev\\next-dev-server.js:371:20\n    at async Span.traceAsyncFn (C:\\Users\\USER\\Desktop\\NextJs\\node_modules\\next\\dist\\trace\\trace.js:157:20)\n    at async DevServer.handleRequest (C:\\Users\\USER\\Desktop\\NextJs\\node_modules\\next\\dist\\server\\dev\\next-dev-server.js:368:24)\n    at async invokeRender (C:\\Users\\USER\\Desktop\\NextJs\\node_modules\\next\\dist\\server\\lib\\router-server.js:237:21)\n    at async handleRequest (C:\\Users\\USER\\Desktop\\NextJs\\node_modules\\next\\dist\\server\\lib\\router-server.js:428:24)\n    at async requestHandlerImpl (C:\\Users\\USER\\Desktop\\NextJs\\node_modules\\next\\dist\\server\\lib\\router-server.js:452:13)\n    at async Server.requestListener (C:\\Users\\USER\\Desktop\\NextJs\\node_modules\\next\\dist\\server\\lib\\start-server.js:158:13)"},"requestBody":{"name":"Test 03","templateId":"5","contactIds":["a1d960iq4m2zk8358giy0tas","bokqzuy9vsmrcna2gvwu6lrs","dgq4kfkon1iwymse6yem0dig"],"templateVariables":{"{{1}}":"Contact name"}}}
2025-09-18 21:30:39 [ERROR]: Error fetching chats: jwt expired {"name":"TokenExpiredError","expiredAt":"2025-09-16T14:34:52.000Z","stack":"TokenExpiredError: jwt expired\n    at C:\\Users\\USER\\Desktop\\NextJs\\.next\\server\\chunks\\node_modules_3af13689._.js:5779:29\n    at getSecret (C:\\Users\\USER\\Desktop\\NextJs\\.next\\server\\chunks\\node_modules_3af13689._.js:5699:20)\n    at module.exports.[project]/node_modules/jsonwebtoken/verify.js [app-route] (ecmascript).module.exports [as verify] (C:\\Users\\USER\\Desktop\\NextJs\\.next\\server\\chunks\\node_modules_3af13689._.js:5702:12)\n    at ChatController.getChats (C:\\Users\\USER\\Desktop\\NextJs\\.next\\server\\chunks\\[root-of-the-server]__a85012ab._.js:785:173)\n    at GET (C:\\Users\\USER\\Desktop\\NextJs\\.next\\server\\chunks\\[root-of-the-server]__a85012ab._.js:809:27)\n    at AsyncLocalStorage.run (node:internal/async_local_storage/async_hooks:80:14)\n    at AppRouteRouteModule.do (C:\\Users\\USER\\Desktop\\NextJs\\node_modules\\next\\dist\\compiled\\next-server\\app-route-turbo.runtime.dev.js:26:34191)\n    at C:\\Users\\USER\\Desktop\\NextJs\\node_modules\\next\\dist\\compiled\\next-server\\app-route-turbo.runtime.dev.js:26:43872\n    at C:\\Users\\USER\\Desktop\\NextJs\\node_modules\\next\\dist\\server\\lib\\trace\\tracer.js:169:36\n    at NoopContextManager.with (C:\\Users\\USER\\Desktop\\NextJs\\node_modules\\@opentelemetry\\api\\build\\src\\context\\NoopContextManager.js:25:19)\n    at ContextAPI.with (C:\\Users\\USER\\Desktop\\NextJs\\node_modules\\@opentelemetry\\api\\build\\src\\api\\context.js:60:46)\n    at NoopTracer.startActiveSpan (C:\\Users\\USER\\Desktop\\NextJs\\node_modules\\@opentelemetry\\api\\build\\src\\trace\\NoopTracer.js:65:31)\n    at ProxyTracer.startActiveSpan (C:\\Users\\USER\\Desktop\\NextJs\\node_modules\\@opentelemetry\\api\\build\\src\\trace\\ProxyTracer.js:36:24)\n    at C:\\Users\\USER\\Desktop\\NextJs\\node_modules\\next\\dist\\server\\lib\\trace\\tracer.js:151:103\n    at NoopContextManager.with (C:\\Users\\USER\\Desktop\\NextJs\\node_modules\\@opentelemetry\\api\\build\\src\\context\\NoopContextManager.js:25:19)\n    at ContextAPI.with (C:\\Users\\USER\\Desktop\\NextJs\\node_modules\\@opentelemetry\\api\\build\\src\\api\\context.js:60:46)\n    at NextTracerImpl.trace (C:\\Users\\USER\\Desktop\\NextJs\\node_modules\\next\\dist\\server\\lib\\trace\\tracer.js:151:28)\n    at C:\\Users\\USER\\Desktop\\NextJs\\node_modules\\next\\dist\\compiled\\next-server\\app-route-turbo.runtime.dev.js:26:43733\n    at AsyncLocalStorage.run (node:internal/async_local_storage/async_hooks:91:14)\n    at C:\\Users\\USER\\Desktop\\NextJs\\node_modules\\next\\dist\\compiled\\next-server\\app-route-turbo.runtime.dev.js:26:41457\n    at AsyncLocalStorage.run (node:internal/async_local_storage/async_hooks:91:14)\n    at C:\\Users\\USER\\Desktop\\NextJs\\node_modules\\next\\dist\\compiled\\next-server\\app-route-turbo.runtime.dev.js:26:41414\n    at AsyncLocalStorage.run (node:internal/async_local_storage/async_hooks:91:14)\n    at AppRouteRouteModule.handle (C:\\Users\\USER\\Desktop\\NextJs\\node_modules\\next\\dist\\compiled\\next-server\\app-route-turbo.runtime.dev.js:26:41368)\n    at async doRender (C:\\Users\\USER\\Desktop\\NextJs\\node_modules\\next\\dist\\server\\base-server.js:1518:42)"}
2025-09-18 21:30:58 [ERROR]: Error fetching chats: jwt expired {"name":"TokenExpiredError","expiredAt":"2025-09-16T14:34:52.000Z","stack":"TokenExpiredError: jwt expired\n    at C:\\Users\\USER\\Desktop\\NextJs\\.next\\server\\chunks\\node_modules_3af13689._.js:5779:29\n    at getSecret (C:\\Users\\USER\\Desktop\\NextJs\\.next\\server\\chunks\\node_modules_3af13689._.js:5699:20)\n    at module.exports.[project]/node_modules/jsonwebtoken/verify.js [app-route] (ecmascript).module.exports [as verify] (C:\\Users\\USER\\Desktop\\NextJs\\.next\\server\\chunks\\node_modules_3af13689._.js:5702:12)\n    at ChatController.getChats (C:\\Users\\USER\\Desktop\\NextJs\\.next\\server\\chunks\\[root-of-the-server]__a85012ab._.js:785:173)\n    at GET (C:\\Users\\USER\\Desktop\\NextJs\\.next\\server\\chunks\\[root-of-the-server]__a85012ab._.js:809:27)\n    at AsyncLocalStorage.run (node:internal/async_local_storage/async_hooks:80:14)\n    at AppRouteRouteModule.do (C:\\Users\\USER\\Desktop\\NextJs\\node_modules\\next\\dist\\compiled\\next-server\\app-route-turbo.runtime.dev.js:26:34191)\n    at C:\\Users\\USER\\Desktop\\NextJs\\node_modules\\next\\dist\\compiled\\next-server\\app-route-turbo.runtime.dev.js:26:43872\n    at C:\\Users\\USER\\Desktop\\NextJs\\node_modules\\next\\dist\\server\\lib\\trace\\tracer.js:169:36\n    at NoopContextManager.with (C:\\Users\\USER\\Desktop\\NextJs\\node_modules\\@opentelemetry\\api\\build\\src\\context\\NoopContextManager.js:25:19)\n    at ContextAPI.with (C:\\Users\\USER\\Desktop\\NextJs\\node_modules\\@opentelemetry\\api\\build\\src\\api\\context.js:60:46)\n    at NoopTracer.startActiveSpan (C:\\Users\\USER\\Desktop\\NextJs\\node_modules\\@opentelemetry\\api\\build\\src\\trace\\NoopTracer.js:65:31)\n    at ProxyTracer.startActiveSpan (C:\\Users\\USER\\Desktop\\NextJs\\node_modules\\@opentelemetry\\api\\build\\src\\trace\\ProxyTracer.js:36:24)\n    at C:\\Users\\USER\\Desktop\\NextJs\\node_modules\\next\\dist\\server\\lib\\trace\\tracer.js:151:103\n    at NoopContextManager.with (C:\\Users\\USER\\Desktop\\NextJs\\node_modules\\@opentelemetry\\api\\build\\src\\context\\NoopContextManager.js:25:19)\n    at ContextAPI.with (C:\\Users\\USER\\Desktop\\NextJs\\node_modules\\@opentelemetry\\api\\build\\src\\api\\context.js:60:46)\n    at NextTracerImpl.trace (C:\\Users\\USER\\Desktop\\NextJs\\node_modules\\next\\dist\\server\\lib\\trace\\tracer.js:151:28)\n    at C:\\Users\\USER\\Desktop\\NextJs\\node_modules\\next\\dist\\compiled\\next-server\\app-route-turbo.runtime.dev.js:26:43733\n    at AsyncLocalStorage.run (node:internal/async_local_storage/async_hooks:91:14)\n    at C:\\Users\\USER\\Desktop\\NextJs\\node_modules\\next\\dist\\compiled\\next-server\\app-route-turbo.runtime.dev.js:26:41457\n    at AsyncLocalStorage.run (node:internal/async_local_storage/async_hooks:91:14)\n    at C:\\Users\\USER\\Desktop\\NextJs\\node_modules\\next\\dist\\compiled\\next-server\\app-route-turbo.runtime.dev.js:26:41414\n    at AsyncLocalStorage.run (node:internal/async_local_storage/async_hooks:91:14)\n    at AppRouteRouteModule.handle (C:\\Users\\USER\\Desktop\\NextJs\\node_modules\\next\\dist\\compiled\\next-server\\app-route-turbo.runtime.dev.js:26:41368)\n    at async doRender (C:\\Users\\USER\\Desktop\\NextJs\\node_modules\\next\\dist\\server\\base-server.js:1518:42)"}
2025-09-18 21:38:54 [ERROR]: Error sending message: Value is not JSON serializable {"stack":"TypeError: Value is not JSON serializable\n    at serializeJavascriptValueToJSONString (node:internal/deps/undici/undici:4460:15)\n    at Response.json (node:internal/deps/undici/undici:9092:11)\n    at NextResponse.json (C:\\Users\\USER\\Desktop\\NextJs\\.next\\server\\chunks\\node_modules_next_5399fd8c._.js:7877:35)\n    at MessageController.sendMessage (C:\\Users\\USER\\Desktop\\NextJs\\.next\\server\\chunks\\[root-of-the-server]__094cab0e._.js:833:165)\n    at process.processTicksAndRejections (node:internal/process/task_queues:105:5)\n    at async AppRouteRouteModule.do (C:\\Users\\USER\\Desktop\\NextJs\\node_modules\\next\\dist\\compiled\\next-server\\app-route-turbo.runtime.dev.js:26:34112)\n    at async AppRouteRouteModule.handle (C:\\Users\\USER\\Desktop\\NextJs\\node_modules\\next\\dist\\compiled\\next-server\\app-route-turbo.runtime.dev.js:26:41338)\n    at async doRender (C:\\Users\\USER\\Desktop\\NextJs\\node_modules\\next\\dist\\server\\base-server.js:1518:42)\n    at async DevServer.renderToResponseWithComponentsImpl (C:\\Users\\USER\\Desktop\\NextJs\\node_modules\\next\\dist\\server\\base-server.js:1920:28)\n    at async DevServer.renderPageComponent (C:\\Users\\USER\\Desktop\\NextJs\\node_modules\\next\\dist\\server\\base-server.js:2408:24)\n    at async DevServer.renderToResponseImpl (C:\\Users\\USER\\Desktop\\NextJs\\node_modules\\next\\dist\\server\\base-server.js:2445:32)\n    at async DevServer.pipeImpl (C:\\Users\\USER\\Desktop\\NextJs\\node_modules\\next\\dist\\server\\base-server.js:1008:25)\n    at async NextNodeServer.handleCatchallRenderRequest (C:\\Users\\USER\\Desktop\\NextJs\\node_modules\\next\\dist\\server\\next-server.js:305:17)\n    at async DevServer.handleRequestImpl (C:\\Users\\USER\\Desktop\\NextJs\\node_modules\\next\\dist\\server\\base-server.js:900:17)\n    at async C:\\Users\\USER\\Desktop\\NextJs\\node_modules\\next\\dist\\server\\dev\\next-dev-server.js:371:20\n    at async Span.traceAsyncFn (C:\\Users\\USER\\Desktop\\NextJs\\node_modules\\next\\dist\\trace\\trace.js:157:20)\n    at async DevServer.handleRequest (C:\\Users\\USER\\Desktop\\NextJs\\node_modules\\next\\dist\\server\\dev\\next-dev-server.js:368:24)\n    at async invokeRender (C:\\Users\\USER\\Desktop\\NextJs\\node_modules\\next\\dist\\server\\lib\\router-server.js:237:21)\n    at async handleRequest (C:\\Users\\USER\\Desktop\\NextJs\\node_modules\\next\\dist\\server\\lib\\router-server.js:428:24)\n    at async requestHandlerImpl (C:\\Users\\USER\\Desktop\\NextJs\\node_modules\\next\\dist\\server\\lib\\router-server.js:452:13)\n    at async Server.requestListener (C:\\Users\\USER\\Desktop\\NextJs\\node_modules\\next\\dist\\server\\lib\\start-server.js:158:13)"}
2025-09-18 21:39:00 [ERROR]: Error sending message: Value is not JSON serializable {"stack":"TypeError: Value is not JSON serializable\n    at serializeJavascriptValueToJSONString (node:internal/deps/undici/undici:4460:15)\n    at Response.json (node:internal/deps/undici/undici:9092:11)\n    at NextResponse.json (C:\\Users\\USER\\Desktop\\NextJs\\.next\\server\\chunks\\node_modules_next_5399fd8c._.js:7877:35)\n    at MessageController.sendMessage (C:\\Users\\USER\\Desktop\\NextJs\\.next\\server\\chunks\\[root-of-the-server]__094cab0e._.js:833:165)\n    at process.processTicksAndRejections (node:internal/process/task_queues:105:5)\n    at async AppRouteRouteModule.do (C:\\Users\\USER\\Desktop\\NextJs\\node_modules\\next\\dist\\compiled\\next-server\\app-route-turbo.runtime.dev.js:26:34112)\n    at async AppRouteRouteModule.handle (C:\\Users\\USER\\Desktop\\NextJs\\node_modules\\next\\dist\\compiled\\next-server\\app-route-turbo.runtime.dev.js:26:41338)\n    at async doRender (C:\\Users\\USER\\Desktop\\NextJs\\node_modules\\next\\dist\\server\\base-server.js:1518:42)\n    at async DevServer.renderToResponseWithComponentsImpl (C:\\Users\\USER\\Desktop\\NextJs\\node_modules\\next\\dist\\server\\base-server.js:1920:28)\n    at async DevServer.renderPageComponent (C:\\Users\\USER\\Desktop\\NextJs\\node_modules\\next\\dist\\server\\base-server.js:2408:24)\n    at async DevServer.renderToResponseImpl (C:\\Users\\USER\\Desktop\\NextJs\\node_modules\\next\\dist\\server\\base-server.js:2445:32)\n    at async DevServer.pipeImpl (C:\\Users\\USER\\Desktop\\NextJs\\node_modules\\next\\dist\\server\\base-server.js:1008:25)\n    at async NextNodeServer.handleCatchallRenderRequest (C:\\Users\\USER\\Desktop\\NextJs\\node_modules\\next\\dist\\server\\next-server.js:305:17)\n    at async DevServer.handleRequestImpl (C:\\Users\\USER\\Desktop\\NextJs\\node_modules\\next\\dist\\server\\base-server.js:900:17)\n    at async C:\\Users\\USER\\Desktop\\NextJs\\node_modules\\next\\dist\\server\\dev\\next-dev-server.js:371:20\n    at async Span.traceAsyncFn (C:\\Users\\USER\\Desktop\\NextJs\\node_modules\\next\\dist\\trace\\trace.js:157:20)\n    at async DevServer.handleRequest (C:\\Users\\USER\\Desktop\\NextJs\\node_modules\\next\\dist\\server\\dev\\next-dev-server.js:368:24)\n    at async invokeRender (C:\\Users\\USER\\Desktop\\NextJs\\node_modules\\next\\dist\\server\\lib\\router-server.js:237:21)\n    at async handleRequest (C:\\Users\\USER\\Desktop\\NextJs\\node_modules\\next\\dist\\server\\lib\\router-server.js:428:24)\n    at async requestHandlerImpl (C:\\Users\\USER\\Desktop\\NextJs\\node_modules\\next\\dist\\server\\lib\\router-server.js:452:13)\n    at async Server.requestListener (C:\\Users\\USER\\Desktop\\NextJs\\node_modules\\next\\dist\\server\\lib\\start-server.js:158:13)"}
2025-09-18 22:23:38 [ERROR]: Error fetching chats: Failed query: select `chats`.`id`, `chats`.`contact_id`, `chats`.`assigned_to`, `chats`.`status`, `chats`.`last_user_message_at`, `chats`.`created_at`, `chats`.`updated_at`, `chats_contact`.`data` as `contact`, `chats_user`.`data` as `user` from `chats` `chats` left join lateral (select json_array(`chats_contact`.`contact_id`, `chats_contact`.`name`, `chats_contact`.`phonenumber`, `chats_contact`.`email`, `chats_contact`.`label`, `chats_contact`.`assigned_to_user_id`, `chats_contact`.`created_at`, `chats_contact`.`updated_at`) as `data` from (select * from `contacts` `chats_contact` where `chats_contact`.`contact_id` = `chats`.`contact_id` limit ?) `chats_contact`) `chats_contact` on true left join lateral (select json_array(`chats_user`.`id`, `chats_user`.`name`, `chats_user`.`email`, `chats_user`.`password`, `chats_user`.`role`, `chats_user`.`last_login_at`, `chats_user`.`created_at`, `chats_user`.`updated_at`) as `data` from (select * from `users` `chats_user` where `chats_user`.`id` = `chats`.`assigned_to` limit ?) `chats_user`) `chats_user` on true
params: 1,1 {"query":"select `chats`.`id`, `chats`.`contact_id`, `chats`.`assigned_to`, `chats`.`status`, `chats`.`last_user_message_at`, `chats`.`created_at`, `chats`.`updated_at`, `chats_contact`.`data` as `contact`, `chats_user`.`data` as `user` from `chats` `chats` left join lateral (select json_array(`chats_contact`.`contact_id`, `chats_contact`.`name`, `chats_contact`.`phonenumber`, `chats_contact`.`email`, `chats_contact`.`label`, `chats_contact`.`assigned_to_user_id`, `chats_contact`.`created_at`, `chats_contact`.`updated_at`) as `data` from (select * from `contacts` `chats_contact` where `chats_contact`.`contact_id` = `chats`.`contact_id` limit ?) `chats_contact`) `chats_contact` on true left join lateral (select json_array(`chats_user`.`id`, `chats_user`.`name`, `chats_user`.`email`, `chats_user`.`password`, `chats_user`.`role`, `chats_user`.`last_login_at`, `chats_user`.`created_at`, `chats_user`.`updated_at`) as `data` from (select * from `users` `chats_user` where `chats_user`.`id` = `chats`.`assigned_to` limit ?) `chats_user`) `chats_user` on true","params":[1,1],"cause":{"message":"Unknown column 'chats.last_user_message_at' in 'field list'","code":"ER_BAD_FIELD_ERROR","errno":1054,"sql":"select `chats`.`id`, `chats`.`contact_id`, `chats`.`assigned_to`, `chats`.`status`, `chats`.`last_user_message_at`, `chats`.`created_at`, `chats`.`updated_at`, `chats_contact`.`data` as `contact`, `chats_user`.`data` as `user` from `chats` `chats` left join lateral (select json_array(`chats_contact`.`contact_id`, `chats_contact`.`name`, `chats_contact`.`phonenumber`, `chats_contact`.`email`, `chats_contact`.`label`, `chats_contact`.`assigned_to_user_id`, `chats_contact`.`created_at`, `chats_contact`.`updated_at`) as `data` from (select * from `contacts` `chats_contact` where `chats_contact`.`contact_id` = `chats`.`contact_id` limit 1) `chats_contact`) `chats_contact` on true left join lateral (select json_array(`chats_user`.`id`, `chats_user`.`name`, `chats_user`.`email`, `chats_user`.`password`, `chats_user`.`role`, `chats_user`.`last_login_at`, `chats_user`.`created_at`, `chats_user`.`updated_at`) as `data` from (select * from `users` `chats_user` where `chats_user`.`id` = `chats`.`assigned_to` limit 1) `chats_user`) `chats_user` on true","sqlState":"42S22","sqlMessage":"Unknown column 'chats.last_user_message_at' in 'field list'"},"stack":"Error: Failed query: select `chats`.`id`, `chats`.`contact_id`, `chats`.`assigned_to`, `chats`.`status`, `chats`.`last_user_message_at`, `chats`.`created_at`, `chats`.`updated_at`, `chats_contact`.`data` as `contact`, `chats_user`.`data` as `user` from `chats` `chats` left join lateral (select json_array(`chats_contact`.`contact_id`, `chats_contact`.`name`, `chats_contact`.`phonenumber`, `chats_contact`.`email`, `chats_contact`.`label`, `chats_contact`.`assigned_to_user_id`, `chats_contact`.`created_at`, `chats_contact`.`updated_at`) as `data` from (select * from `contacts` `chats_contact` where `chats_contact`.`contact_id` = `chats`.`contact_id` limit ?) `chats_contact`) `chats_contact` on true left join lateral (select json_array(`chats_user`.`id`, `chats_user`.`name`, `chats_user`.`email`, `chats_user`.`password`, `chats_user`.`role`, `chats_user`.`last_login_at`, `chats_user`.`created_at`, `chats_user`.`updated_at`) as `data` from (select * from `users` `chats_user` where `chats_user`.`id` = `chats`.`assigned_to` limit ?) `chats_user`) `chats_user` on true\nparams: 1,1\n    at MySql2PreparedQuery.queryWithCache (C:\\Users\\USER\\Desktop\\NextJs\\.next\\server\\chunks\\node_modules_drizzle-orm_a05e6a3b._.js:9341:23)\n    at process.processTicksAndRejections (node:internal/process/task_queues:105:5)\n    at async MySql2PreparedQuery.execute (C:\\Users\\USER\\Desktop\\NextJs\\.next\\server\\chunks\\node_modules_drizzle-orm_a05e6a3b._.js:9533:24)\n    at async ChatModel.getChats (C:\\Users\\USER\\Desktop\\NextJs\\.next\\server\\chunks\\[root-of-the-server]__a85012ab._.js:641:24)\n    at async ChatService.getChats (C:\\Users\\USER\\Desktop\\NextJs\\.next\\server\\chunks\\[root-of-the-server]__a85012ab._.js:697:16)\n    at async ChatController.getChats (C:\\Users\\USER\\Desktop\\NextJs\\.next\\server\\chunks\\[root-of-the-server]__a85012ab._.js:810:27)\n    at async AppRouteRouteModule.do (C:\\Users\\USER\\Desktop\\NextJs\\node_modules\\next\\dist\\compiled\\next-server\\app-route-turbo.runtime.dev.js:26:34112)\n    at async AppRouteRouteModule.handle (C:\\Users\\USER\\Desktop\\NextJs\\node_modules\\next\\dist\\compiled\\next-server\\app-route-turbo.runtime.dev.js:26:41338)\n    at async doRender (C:\\Users\\USER\\Desktop\\NextJs\\node_modules\\next\\dist\\server\\base-server.js:1518:42)\n    at async DevServer.renderToResponseWithComponentsImpl (C:\\Users\\USER\\Desktop\\NextJs\\node_modules\\next\\dist\\server\\base-server.js:1920:28)\n    at async DevServer.renderPageComponent (C:\\Users\\USER\\Desktop\\NextJs\\node_modules\\next\\dist\\server\\base-server.js:2408:24)\n    at async DevServer.renderToResponseImpl (C:\\Users\\USER\\Desktop\\NextJs\\node_modules\\next\\dist\\server\\base-server.js:2445:32)\n    at async DevServer.pipeImpl (C:\\Users\\USER\\Desktop\\NextJs\\node_modules\\next\\dist\\server\\base-server.js:1008:25)\n    at async NextNodeServer.handleCatchallRenderRequest (C:\\Users\\USER\\Desktop\\NextJs\\node_modules\\next\\dist\\server\\next-server.js:305:17)\n    at async DevServer.handleRequestImpl (C:\\Users\\USER\\Desktop\\NextJs\\node_modules\\next\\dist\\server\\base-server.js:900:17)\n    at async C:\\Users\\USER\\Desktop\\NextJs\\node_modules\\next\\dist\\server\\dev\\next-dev-server.js:371:20\n    at async Span.traceAsyncFn (C:\\Users\\USER\\Desktop\\NextJs\\node_modules\\next\\dist\\trace\\trace.js:157:20)\n    at async DevServer.handleRequest (C:\\Users\\USER\\Desktop\\NextJs\\node_modules\\next\\dist\\server\\dev\\next-dev-server.js:368:24)\n    at async invokeRender (C:\\Users\\USER\\Desktop\\NextJs\\node_modules\\next\\dist\\server\\lib\\router-server.js:237:21)\n    at async handleRequest (C:\\Users\\USER\\Desktop\\NextJs\\node_modules\\next\\dist\\server\\lib\\router-server.js:428:24)\n    at async requestHandlerImpl (C:\\Users\\USER\\Desktop\\NextJs\\node_modules\\next\\dist\\server\\lib\\router-server.js:452:13)\n    at async Server.requestListener (C:\\Users\\USER\\Desktop\\NextJs\\node_modules\\next\\dist\\server\\lib\\start-server.js:158:13)"}
2025-09-18 22:35:50 [ERROR]: Error fetching chats: jwt expired {"name":"TokenExpiredError","expiredAt":"2025-09-18T17:05:26.000Z","stack":"TokenExpiredError: jwt expired\n    at C:\\Users\\USER\\Desktop\\NextJs\\.next\\server\\chunks\\node_modules_4fe4da19._.js:7657:29\n    at getSecret (C:\\Users\\USER\\Desktop\\NextJs\\.next\\server\\chunks\\node_modules_4fe4da19._.js:7577:20)\n    at module.exports.[project]/node_modules/jsonwebtoken/verify.js [app-route] (ecmascript).module.exports [as verify] (C:\\Users\\USER\\Desktop\\NextJs\\.next\\server\\chunks\\node_modules_4fe4da19._.js:7580:12)\n    at ChatController.getChats (C:\\Users\\USER\\Desktop\\NextJs\\.next\\server\\chunks\\[root-of-the-server]__a85012ab._.js:809:173)\n    at GET (C:\\Users\\USER\\Desktop\\NextJs\\.next\\server\\chunks\\[root-of-the-server]__a85012ab._.js:833:27)\n    at AsyncLocalStorage.run (node:internal/async_local_storage/async_hooks:80:14)\n    at AppRouteRouteModule.do (C:\\Users\\USER\\Desktop\\NextJs\\node_modules\\next\\dist\\compiled\\next-server\\app-route-turbo.runtime.dev.js:26:34191)\n    at C:\\Users\\USER\\Desktop\\NextJs\\node_modules\\next\\dist\\compiled\\next-server\\app-route-turbo.runtime.dev.js:26:43872\n    at C:\\Users\\USER\\Desktop\\NextJs\\node_modules\\next\\dist\\server\\lib\\trace\\tracer.js:169:36\n    at NoopContextManager.with (C:\\Users\\USER\\Desktop\\NextJs\\node_modules\\@opentelemetry\\api\\build\\src\\context\\NoopContextManager.js:25:19)\n    at ContextAPI.with (C:\\Users\\USER\\Desktop\\NextJs\\node_modules\\@opentelemetry\\api\\build\\src\\api\\context.js:60:46)\n    at NoopTracer.startActiveSpan (C:\\Users\\USER\\Desktop\\NextJs\\node_modules\\@opentelemetry\\api\\build\\src\\trace\\NoopTracer.js:65:31)\n    at ProxyTracer.startActiveSpan (C:\\Users\\USER\\Desktop\\NextJs\\node_modules\\@opentelemetry\\api\\build\\src\\trace\\ProxyTracer.js:36:24)\n    at C:\\Users\\USER\\Desktop\\NextJs\\node_modules\\next\\dist\\server\\lib\\trace\\tracer.js:151:103\n    at NoopContextManager.with (C:\\Users\\USER\\Desktop\\NextJs\\node_modules\\@opentelemetry\\api\\build\\src\\context\\NoopContextManager.js:25:19)\n    at ContextAPI.with (C:\\Users\\USER\\Desktop\\NextJs\\node_modules\\@opentelemetry\\api\\build\\src\\api\\context.js:60:46)\n    at NextTracerImpl.trace (C:\\Users\\USER\\Desktop\\NextJs\\node_modules\\next\\dist\\server\\lib\\trace\\tracer.js:151:28)\n    at C:\\Users\\USER\\Desktop\\NextJs\\node_modules\\next\\dist\\compiled\\next-server\\app-route-turbo.runtime.dev.js:26:43733\n    at AsyncLocalStorage.run (node:internal/async_local_storage/async_hooks:91:14)\n    at C:\\Users\\USER\\Desktop\\NextJs\\node_modules\\next\\dist\\compiled\\next-server\\app-route-turbo.runtime.dev.js:26:41457\n    at AsyncLocalStorage.run (node:internal/async_local_storage/async_hooks:91:14)\n    at C:\\Users\\USER\\Desktop\\NextJs\\node_modules\\next\\dist\\compiled\\next-server\\app-route-turbo.runtime.dev.js:26:41414\n    at AsyncLocalStorage.run (node:internal/async_local_storage/async_hooks:91:14)\n    at AppRouteRouteModule.handle (C:\\Users\\USER\\Desktop\\NextJs\\node_modules\\next\\dist\\compiled\\next-server\\app-route-turbo.runtime.dev.js:26:41368)\n    at async doRender (C:\\Users\\USER\\Desktop\\NextJs\\node_modules\\next\\dist\\server\\base-server.js:1518:42)"}
2025-09-18 22:37:08 [ERROR]: WhatsApp API Error: 
2025-09-20 18:30:20 [ERROR]: Error fetching dashboard data: %o 
2025-09-20 18:30:20 [ERROR]: Error fetching dashboard data: %o 
2025-10-02 17:06:22 [ERROR]: Error fetching dashboard data: %o 
2025-10-02 17:06:32 [ERROR]: Error fetching dashboard data: %o 
2025-10-02 17:32:20 [ERROR]: Error fetching dashboard data: %o 
2025-10-02 17:32:21 [ERROR]: Error fetching dashboard data: %o 
2025-10-02 17:39:11 [ERROR]: Error fetching analytics: %o 
2025-10-02 17:39:12 [ERROR]: Error fetching analytics: %o 
2025-10-02 17:39:30 [ERROR]: Error fetching chats: secret or public key must be provided {"name":"JsonWebTokenError","stack":"JsonWebTokenError: secret or public key must be provided\n    at C:\\Users\\USER\\Desktop\\NextJs\\.next\\server\\chunks\\node_modules_3af13689._.js:5711:25\n    at getSecret (C:\\Users\\USER\\Desktop\\NextJs\\.next\\server\\chunks\\node_modules_3af13689._.js:5699:20)\n    at module.exports.[project]/node_modules/jsonwebtoken/verify.js [app-route] (ecmascript).module.exports [as verify] (C:\\Users\\USER\\Desktop\\NextJs\\.next\\server\\chunks\\node_modules_3af13689._.js:5702:12)\n    at ChatController.getChats (C:\\Users\\USER\\Desktop\\NextJs\\.next\\server\\chunks\\[root-of-the-server]__a85012ab._.js:809:173)\n    at GET (C:\\Users\\USER\\Desktop\\NextJs\\.next\\server\\chunks\\[root-of-the-server]__a85012ab._.js:833:27)\n    at AsyncLocalStorage.run (node:internal/async_local_storage/async_hooks:80:14)\n    at AppRouteRouteModule.do (C:\\Users\\USER\\Desktop\\NextJs\\node_modules\\next\\dist\\compiled\\next-server\\app-route-turbo.runtime.dev.js:26:34191)\n    at C:\\Users\\USER\\Desktop\\NextJs\\node_modules\\next\\dist\\compiled\\next-server\\app-route-turbo.runtime.dev.js:26:43872\n    at C:\\Users\\USER\\Desktop\\NextJs\\node_modules\\next\\dist\\server\\lib\\trace\\tracer.js:169:36\n    at NoopContextManager.with (C:\\Users\\USER\\Desktop\\NextJs\\node_modules\\@opentelemetry\\api\\build\\src\\context\\NoopContextManager.js:25:19)\n    at ContextAPI.with (C:\\Users\\USER\\Desktop\\NextJs\\node_modules\\@opentelemetry\\api\\build\\src\\api\\context.js:60:46)\n    at NoopTracer.startActiveSpan (C:\\Users\\USER\\Desktop\\NextJs\\node_modules\\@opentelemetry\\api\\build\\src\\trace\\NoopTracer.js:65:31)\n    at ProxyTracer.startActiveSpan (C:\\Users\\USER\\Desktop\\NextJs\\node_modules\\@opentelemetry\\api\\build\\src\\trace\\ProxyTracer.js:36:24)\n    at C:\\Users\\USER\\Desktop\\NextJs\\node_modules\\next\\dist\\server\\lib\\trace\\tracer.js:151:103\n    at NoopContextManager.with (C:\\Users\\USER\\Desktop\\NextJs\\node_modules\\@opentelemetry\\api\\build\\src\\context\\NoopContextManager.js:25:19)\n    at ContextAPI.with (C:\\Users\\USER\\Desktop\\NextJs\\node_modules\\@opentelemetry\\api\\build\\src\\api\\context.js:60:46)\n    at NextTracerImpl.trace (C:\\Users\\USER\\Desktop\\NextJs\\node_modules\\next\\dist\\server\\lib\\trace\\tracer.js:151:28)\n    at C:\\Users\\USER\\Desktop\\NextJs\\node_modules\\next\\dist\\compiled\\next-server\\app-route-turbo.runtime.dev.js:26:43733\n    at AsyncLocalStorage.run (node:internal/async_local_storage/async_hooks:91:14)\n    at C:\\Users\\USER\\Desktop\\NextJs\\node_modules\\next\\dist\\compiled\\next-server\\app-route-turbo.runtime.dev.js:26:41457\n    at AsyncLocalStorage.run (node:internal/async_local_storage/async_hooks:91:14)\n    at C:\\Users\\USER\\Desktop\\NextJs\\node_modules\\next\\dist\\compiled\\next-server\\app-route-turbo.runtime.dev.js:26:41414\n    at AsyncLocalStorage.run (node:internal/async_local_storage/async_hooks:91:14)\n    at AppRouteRouteModule.handle (C:\\Users\\USER\\Desktop\\NextJs\\node_modules\\next\\dist\\compiled\\next-server\\app-route-turbo.runtime.dev.js:26:41368)\n    at async doRender (C:\\Users\\USER\\Desktop\\NextJs\\node_modules\\next\\dist\\server\\base-server.js:1518:42)"}
2025-10-02 19:58:36 [ERROR]: Error fetching chats: Failed query: select `id`, `chat_id`, `content`, `direction`, `timestamp`, `created_at`, `updated_at` from `chat_messages` `chatMessages` where `chatMessages`.`chat_id` = ? order by `chatMessages`.`timestamp` desc limit ?
params: y3jc32a69hnk3vt6hbyfov7n,1 {"query":"select `id`, `chat_id`, `content`, `direction`, `timestamp`, `created_at`, `updated_at` from `chat_messages` `chatMessages` where `chatMessages`.`chat_id` = ? order by `chatMessages`.`timestamp` desc limit ?","params":["y3jc32a69hnk3vt6hbyfov7n",1],"cause":{"message":"read ECONNRESET","code":"ECONNRESET","errno":-4077},"stack":"Error: Failed query: select `id`, `chat_id`, `content`, `direction`, `timestamp`, `created_at`, `updated_at` from `chat_messages` `chatMessages` where `chatMessages`.`chat_id` = ? order by `chatMessages`.`timestamp` desc limit ?\nparams: y3jc32a69hnk3vt6hbyfov7n,1\n    at MySql2PreparedQuery.queryWithCache (C:\\Users\\USER\\Desktop\\NextJs\\.next\\server\\chunks\\node_modules_drizzle-orm_a05e6a3b._.js:9341:23)\n    at process.processTicksAndRejections (node:internal/process/task_queues:105:5)\n    at async MySql2PreparedQuery.execute (C:\\Users\\USER\\Desktop\\NextJs\\.next\\server\\chunks\\node_modules_drizzle-orm_a05e6a3b._.js:9533:24)\n    at async C:\\Users\\USER\\Desktop\\NextJs\\.next\\server\\chunks\\[root-of-the-server]__a85012ab._.js:649:33\n    at async Promise.all (index 3)\n    at async ChatModel.getChats (C:\\Users\\USER\\Desktop\\NextJs\\.next\\server\\chunks\\[root-of-the-server]__a85012ab._.js:648:38)\n    at async ChatService.getChats (C:\\Users\\USER\\Desktop\\NextJs\\.next\\server\\chunks\\[root-of-the-server]__a85012ab._.js:697:16)\n    at async ChatController.getChats (C:\\Users\\USER\\Desktop\\NextJs\\.next\\server\\chunks\\[root-of-the-server]__a85012ab._.js:810:27)\n    at async AppRouteRouteModule.do (C:\\Users\\USER\\Desktop\\NextJs\\node_modules\\next\\dist\\compiled\\next-server\\app-route-turbo.runtime.dev.js:26:34112)\n    at async AppRouteRouteModule.handle (C:\\Users\\USER\\Desktop\\NextJs\\node_modules\\next\\dist\\compiled\\next-server\\app-route-turbo.runtime.dev.js:26:41338)\n    at async doRender (C:\\Users\\USER\\Desktop\\NextJs\\node_modules\\next\\dist\\server\\base-server.js:1518:42)\n    at async DevServer.renderToResponseWithComponentsImpl (C:\\Users\\USER\\Desktop\\NextJs\\node_modules\\next\\dist\\server\\base-server.js:1920:28)\n    at async DevServer.renderPageComponent (C:\\Users\\USER\\Desktop\\NextJs\\node_modules\\next\\dist\\server\\base-server.js:2408:24)\n    at async DevServer.renderToResponseImpl (C:\\Users\\USER\\Desktop\\NextJs\\node_modules\\next\\dist\\server\\base-server.js:2445:32)\n    at async DevServer.pipeImpl (C:\\Users\\USER\\Desktop\\NextJs\\node_modules\\next\\dist\\server\\base-server.js:1008:25)\n    at async NextNodeServer.handleCatchallRenderRequest (C:\\Users\\USER\\Desktop\\NextJs\\node_modules\\next\\dist\\server\\next-server.js:305:17)\n    at async DevServer.handleRequestImpl (C:\\Users\\USER\\Desktop\\NextJs\\node_modules\\next\\dist\\server\\base-server.js:900:17)\n    at async C:\\Users\\USER\\Desktop\\NextJs\\node_modules\\next\\dist\\server\\dev\\next-dev-server.js:371:20\n    at async Span.traceAsyncFn (C:\\Users\\USER\\Desktop\\NextJs\\node_modules\\next\\dist\\trace\\trace.js:157:20)\n    at async DevServer.handleRequest (C:\\Users\\USER\\Desktop\\NextJs\\node_modules\\next\\dist\\server\\dev\\next-dev-server.js:368:24)\n    at async invokeRender (C:\\Users\\USER\\Desktop\\NextJs\\node_modules\\next\\dist\\server\\lib\\router-server.js:237:21)\n    at async handleRequest (C:\\Users\\USER\\Desktop\\NextJs\\node_modules\\next\\dist\\server\\lib\\router-server.js:428:24)\n    at async requestHandlerImpl (C:\\Users\\USER\\Desktop\\NextJs\\node_modules\\next\\dist\\server\\lib\\router-server.js:452:13)\n    at async Server.requestListener (C:\\Users\\USER\\Desktop\\NextJs\\node_modules\\next\\dist\\server\\lib\\start-server.js:158:13)"}
2025-10-03 12:07:41 [ERROR]: Error fetching chats: jwt expired {"name":"TokenExpiredError","expiredAt":"2025-10-02T15:32:40.000Z","stack":"TokenExpiredError: jwt expired\n    at C:\\Users\\USER\\Desktop\\NextJs\\.next\\server\\chunks\\3205.js:1:40815\n    at b (C:\\Users\\USER\\Desktop\\NextJs\\.next\\server\\chunks\\3205.js:1:39254)\n    at e.exports [as verify] (C:\\Users\\USER\\Desktop\\NextJs\\.next\\server\\chunks\\3205.js:1:39272)\n    at p.getChats (C:\\Users\\USER\\Desktop\\NextJs\\.next\\server\\app\\api\\chats\\route.js:1:1463)\n    at f (C:\\Users\\USER\\Desktop\\NextJs\\.next\\server\\app\\api\\chats\\route.js:1:1717)\n    at AsyncLocalStorage.run (node:internal/async_local_storage/async_hooks:80:14)\n    at tf.do (C:\\Users\\USER\\Desktop\\NextJs\\node_modules\\next\\dist\\compiled\\next-server\\app-route.runtime.prod.js:18:18864)\n    at C:\\Users\\USER\\Desktop\\NextJs\\node_modules\\next\\dist\\compiled\\next-server\\app-route.runtime.prod.js:18:25397\n    at C:\\Users\\USER\\Desktop\\NextJs\\node_modules\\next\\dist\\server\\lib\\trace\\tracer.js:169:36\n    at NoopContextManager.with (C:\\Users\\USER\\Desktop\\NextJs\\node_modules\\@opentelemetry\\api\\build\\src\\context\\NoopContextManager.js:25:19)"}
2025-10-03 12:07:51 [ERROR]: Error fetching chats: jwt expired {"name":"TokenExpiredError","expiredAt":"2025-10-02T15:32:40.000Z","stack":"TokenExpiredError: jwt expired\n    at C:\\Users\\USER\\Desktop\\NextJs\\.next\\server\\chunks\\3205.js:1:40815\n    at b (C:\\Users\\USER\\Desktop\\NextJs\\.next\\server\\chunks\\3205.js:1:39254)\n    at e.exports [as verify] (C:\\Users\\USER\\Desktop\\NextJs\\.next\\server\\chunks\\3205.js:1:39272)\n    at p.getChats (C:\\Users\\USER\\Desktop\\NextJs\\.next\\server\\app\\api\\chats\\route.js:1:1463)\n    at f (C:\\Users\\USER\\Desktop\\NextJs\\.next\\server\\app\\api\\chats\\route.js:1:1717)\n    at AsyncLocalStorage.run (node:internal/async_local_storage/async_hooks:80:14)\n    at tf.do (C:\\Users\\USER\\Desktop\\NextJs\\node_modules\\next\\dist\\compiled\\next-server\\app-route.runtime.prod.js:18:18864)\n    at C:\\Users\\USER\\Desktop\\NextJs\\node_modules\\next\\dist\\compiled\\next-server\\app-route.runtime.prod.js:18:25397\n    at C:\\Users\\USER\\Desktop\\NextJs\\node_modules\\next\\dist\\server\\lib\\trace\\tracer.js:169:36\n    at NoopContextManager.with (C:\\Users\\USER\\Desktop\\NextJs\\node_modules\\@opentelemetry\\api\\build\\src\\context\\NoopContextManager.js:25:19)"}
